#
# There is insufficient memory for the Java Runtime Environment to continue.
# Native memory allocation (malloc) failed to allocate 708688 bytes for Chunk::new
# Possible reasons:
#   The system is out of physical RAM or swap space
#   The process is running with CompressedOops enabled, and the Java Heap may be blocking the growth of the native heap
# Possible solutions:
#   Reduce memory load on the system
#   Increase physical memory or swap space
#   Check if swap backing store is full
#   Decrease Java heap size (-Xmx/-Xms)
#   Decrease number of Java threads
#   Decrease Java thread stack sizes (-Xss)
#   Set larger code cache with -XX:ReservedCodeCacheSize=
#   JVM is running with Zero Based Compressed Oops mode in which the Java heap is
#     placed in the first 32GB address space. The Java Heap base address is the
#     maximum limit for the native heap growth. Please use -XX:HeapBaseMinAddress
#     to set the Java Heap base and to place the Java Heap above 32GB virtual address.
# This output file may be truncated or incomplete.
#
#  Out of Memory Error (arena.cpp:189), pid=16820, tid=15280
#
# JRE version: Java(TM) SE Runtime Environment (17.0.1+12) (build 17.0.1+12-LTS-39)
# Java VM: Java HotSpot(TM) 64-Bit Server VM (17.0.1+12-LTS-39, mixed mode, sharing, tiered, compressed oops, compressed class ptrs, g1 gc, windows-amd64)
# No core dump will be written. Minidumps are not enabled by default on client versions of Windows
#

---------------  S U M M A R Y ------------

Command Line: gutenbergproject4cbu.demo.DemoApplication

Host: AMD Ryzen 5 5600G with Radeon Graphics         , 12 cores, 13G,  Windows 10 , 64 bit Build 19041 (10.0.19041.3636)
Time: Sun Mar 10 18:18:03 2024 Türkiye Standart Saati elapsed time: 29.583032 seconds (0d 0h 0m 29s)

---------------  T H R E A D  ---------------

Current thread (0x000001a9716a8450):  JavaThread "C2 CompilerThread1" daemon [_thread_in_native, id=15280, stack(0x0000003a63200000,0x0000003a63300000)]


Current CompileTask:
C2:  29583 6567       4       org.springframework.core.ResolvableType::getInterfaces (68 bytes)

Stack: [0x0000003a63200000,0x0000003a63300000]
Native frames: (J=compiled Java code, j=interpreted, Vv=VM code, C=native code)
V  [jvm.dll+0x66fa1a]
V  [jvm.dll+0x7ce5a4]
V  [jvm.dll+0x7cfd4e]
V  [jvm.dll+0x7d03b3]
V  [jvm.dll+0x242b05]
V  [jvm.dll+0xaa05b]
V  [jvm.dll+0xaa5ec]
V  [jvm.dll+0x11b687]
V  [jvm.dll+0x603415]
V  [jvm.dll+0x601ae4]
V  [jvm.dll+0x215a68]
V  [jvm.dll+0x215011]
V  [jvm.dll+0x1a168d]
V  [jvm.dll+0x224848]
V  [jvm.dll+0x2229ac]
V  [jvm.dll+0x78435b]
V  [jvm.dll+0x77e91a]
V  [jvm.dll+0x66e845]
C  [ucrtbase.dll+0x21bb2]
C  [KERNEL32.DLL+0x17344]
C  [ntdll.dll+0x526b1]


---------------  P R O C E S S  ---------------

Threads class SMR info:
_java_thread_list=0x000001a9781a14c0, length=31, elements={
0x000001a96f61bd40, 0x000001a96f61fae0, 0x000001a96f632a90, 0x000001a96f633550,
0x000001a96f635e20, 0x000001a96f6366e0, 0x000001a96f6372d0, 0x000001a96f637c80,
0x000001a96f645ea0, 0x000001a970118160, 0x000001a970130890, 0x000001a97195a190,
0x000001a971958980, 0x000001a971959cc0, 0x000001a971958e50, 0x000001a971959320,
0x000001a97195ab30, 0x000001a971957fe0, 0x000001a97935acb0, 0x000001a979358630,
0x000001a97935a310, 0x000001a979357c90, 0x000001a9793577c0, 0x000001a979358fd0,
0x000001a97935b180, 0x000001a979358160, 0x000001a979358b00, 0x000001a979359e40,
0x000001a9793594a0, 0x000001a97935a7e0, 0x000001a9716a8450
}

Java Threads: ( => current thread )
  0x000001a96f61bd40 JavaThread "Reference Handler" daemon [_thread_blocked, id=1368, stack(0x0000003a62500000,0x0000003a62600000)]
  0x000001a96f61fae0 JavaThread "Finalizer" daemon [_thread_blocked, id=15292, stack(0x0000003a62600000,0x0000003a62700000)]
  0x000001a96f632a90 JavaThread "Signal Dispatcher" daemon [_thread_blocked, id=12228, stack(0x0000003a62700000,0x0000003a62800000)]
  0x000001a96f633550 JavaThread "Attach Listener" daemon [_thread_blocked, id=4740, stack(0x0000003a62800000,0x0000003a62900000)]
  0x000001a96f635e20 JavaThread "Service Thread" daemon [_thread_blocked, id=10176, stack(0x0000003a62900000,0x0000003a62a00000)]
  0x000001a96f6366e0 JavaThread "Monitor Deflation Thread" daemon [_thread_blocked, id=11708, stack(0x0000003a62a00000,0x0000003a62b00000)]
  0x000001a96f6372d0 JavaThread "C2 CompilerThread0" daemon [_thread_in_native, id=10480, stack(0x0000003a62b00000,0x0000003a62c00000)]
  0x000001a96f637c80 JavaThread "C1 CompilerThread0" daemon [_thread_blocked, id=13544, stack(0x0000003a62c00000,0x0000003a62d00000)]
  0x000001a96f645ea0 JavaThread "Sweeper thread" daemon [_thread_blocked, id=11012, stack(0x0000003a62d00000,0x0000003a62e00000)]
  0x000001a970118160 JavaThread "Notification Thread" daemon [_thread_blocked, id=11324, stack(0x0000003a62e00000,0x0000003a62f00000)]
  0x000001a970130890 JavaThread "Common-Cleaner" daemon [_thread_blocked, id=9416, stack(0x0000003a63000000,0x0000003a63100000)]
  0x000001a97195a190 JavaThread "Catalina-utility-1" [_thread_blocked, id=11232, stack(0x0000003a63e00000,0x0000003a63f00000)]
  0x000001a971958980 JavaThread "Catalina-utility-2" [_thread_blocked, id=10100, stack(0x0000003a63f00000,0x0000003a64000000)]
  0x000001a971959cc0 JavaThread "container-0" [_thread_blocked, id=7172, stack(0x0000003a64000000,0x0000003a64100000)]
  0x000001a971958e50 JavaThread "PostgreSQL-JDBC-Cleaner" daemon [_thread_blocked, id=11416, stack(0x0000003a64200000,0x0000003a64300000)]
  0x000001a971959320 JavaThread "HikariPool-1 housekeeper" daemon [_thread_blocked, id=13728, stack(0x0000003a64300000,0x0000003a64400000)]
  0x000001a97195ab30 JavaThread "http-nio-8080-exec-1" daemon [_thread_blocked, id=17776, stack(0x0000003a64500000,0x0000003a64600000)]
  0x000001a971957fe0 JavaThread "http-nio-8080-exec-2" daemon [_thread_blocked, id=9832, stack(0x0000003a64600000,0x0000003a64700000)]
  0x000001a97935acb0 JavaThread "http-nio-8080-exec-3" daemon [_thread_blocked, id=10136, stack(0x0000003a64700000,0x0000003a64800000)]
  0x000001a979358630 JavaThread "http-nio-8080-exec-4" daemon [_thread_blocked, id=8044, stack(0x0000003a64800000,0x0000003a64900000)]
  0x000001a97935a310 JavaThread "http-nio-8080-exec-5" daemon [_thread_blocked, id=12260, stack(0x0000003a64900000,0x0000003a64a00000)]
  0x000001a979357c90 JavaThread "http-nio-8080-exec-6" daemon [_thread_blocked, id=10604, stack(0x0000003a64a00000,0x0000003a64b00000)]
  0x000001a9793577c0 JavaThread "http-nio-8080-exec-7" daemon [_thread_blocked, id=12344, stack(0x0000003a64b00000,0x0000003a64c00000)]
  0x000001a979358fd0 JavaThread "http-nio-8080-exec-8" daemon [_thread_blocked, id=12584, stack(0x0000003a64c00000,0x0000003a64d00000)]
  0x000001a97935b180 JavaThread "http-nio-8080-exec-9" daemon [_thread_blocked, id=14240, stack(0x0000003a64d00000,0x0000003a64e00000)]
  0x000001a979358160 JavaThread "http-nio-8080-exec-10" daemon [_thread_blocked, id=2940, stack(0x0000003a64e00000,0x0000003a64f00000)]
  0x000001a979358b00 JavaThread "http-nio-8080-Poller" daemon [_thread_in_native, id=14824, stack(0x0000003a64f00000,0x0000003a65000000)]
  0x000001a979359e40 JavaThread "http-nio-8080-Acceptor" daemon [_thread_in_native, id=12636, stack(0x0000003a65000000,0x0000003a65100000)]
  0x000001a9793594a0 JavaThread "DestroyJavaVM" [_thread_blocked, id=9336, stack(0x0000003a61e00000,0x0000003a61f00000)]
  0x000001a97935a7e0 JavaThread "Keep-Alive-Timer" daemon [_thread_blocked, id=16948, stack(0x0000003a63100000,0x0000003a63200000)]
=>0x000001a9716a8450 JavaThread "C2 CompilerThread1" daemon [_thread_in_native, id=15280, stack(0x0000003a63200000,0x0000003a63300000)]

Other Threads:
  0x000001a96f617890 VMThread "VM Thread" [stack: 0x0000003a62400000,0x0000003a62500000] [id=16432]
  0x000001a970126440 WatcherThread [stack: 0x0000003a62f00000,0x0000003a63000000] [id=15100]
  0x000001a94d9835a0 GCTaskThread "GC Thread#0" [stack: 0x0000003a61f00000,0x0000003a62000000] [id=15076]
  0x000001a9710788c0 GCTaskThread "GC Thread#1" [stack: 0x0000003a63300000,0x0000003a63400000] [id=18460]
  0x000001a9711b27e0 GCTaskThread "GC Thread#2" [stack: 0x0000003a63400000,0x0000003a63500000] [id=8284]
  0x000001a9711b2a90 GCTaskThread "GC Thread#3" [stack: 0x0000003a63500000,0x0000003a63600000] [id=18572]
  0x000001a9709b4880 GCTaskThread "GC Thread#4" [stack: 0x0000003a63600000,0x0000003a63700000] [id=19292]
  0x000001a97162d830 GCTaskThread "GC Thread#5" [stack: 0x0000003a63800000,0x0000003a63900000] [id=11984]
  0x000001a9715e5cb0 GCTaskThread "GC Thread#6" [stack: 0x0000003a63900000,0x0000003a63a00000] [id=3196]
  0x000001a971632310 GCTaskThread "GC Thread#7" [stack: 0x0000003a63a00000,0x0000003a63b00000] [id=13988]
  0x000001a971921820 GCTaskThread "GC Thread#8" [stack: 0x0000003a63c00000,0x0000003a63d00000] [id=11008]
  0x000001a9717d95f0 GCTaskThread "GC Thread#9" [stack: 0x0000003a63d00000,0x0000003a63e00000] [id=2244]
  0x000001a94d9921a0 ConcurrentGCThread "G1 Main Marker" [stack: 0x0000003a62000000,0x0000003a62100000] [id=15284]
  0x000001a94d992bb0 ConcurrentGCThread "G1 Conc#0" [stack: 0x0000003a62100000,0x0000003a62200000] [id=11308]
  0x000001a971b03580 ConcurrentGCThread "G1 Conc#1" [stack: 0x0000003a63700000,0x0000003a63800000] [id=10728]
  0x000001a971b022b0 ConcurrentGCThread "G1 Conc#2" [stack: 0x0000003a63b00000,0x0000003a63c00000] [id=10340]
  0x000001a96f4d40e0 ConcurrentGCThread "G1 Refine#0" [stack: 0x0000003a62200000,0x0000003a62300000] [id=18928]
  0x000001a96f4d4b00 ConcurrentGCThread "G1 Service" [stack: 0x0000003a62300000,0x0000003a62400000] [id=8168]

Threads with active compile tasks:
C2 CompilerThread0    29595 6577       4       org.springframework.core.ResolvableType::as (86 bytes)
C2 CompilerThread1    29595 6567       4       org.springframework.core.ResolvableType::getInterfaces (68 bytes)

VM state: not at safepoint (normal execution)

VM Mutex/Monitor currently owned by a thread: None

Heap address: 0x0000000723400000, size: 3532 MB, Compressed Oops mode: Zero based, Oop shift amount: 3

CDS archive(s) mapped at: [0x0000000800000000-0x0000000800bc0000-0x0000000800bc0000), size 12320768, SharedBaseAddress: 0x0000000800000000, ArchiveRelocationMode: 0.
Compressed class space mapped at: 0x0000000800c00000-0x0000000840c00000, reserved size: 1073741824
Narrow klass base: 0x0000000800000000, Narrow klass shift: 0, Narrow klass range: 0x100000000

GC Precious Log:
 CPUs: 12 total, 12 available
 Memory: 14127M
 Large Page Support: Disabled
 NUMA Support: Disabled
 Compressed Oops: Enabled (Zero based)
 Heap Region Size: 2M
 Heap Min Capacity: 8M
 Heap Initial Capacity: 222M
 Heap Max Capacity: 3532M
 Pre-touch: Disabled
 Parallel Workers: 10
 Concurrent Workers: 3
 Concurrent Refinement Workers: 10
 Periodic GC: Disabled

Heap:
 garbage-first heap   total 61440K, used 34279K [0x0000000723400000, 0x0000000800000000)
  region size 2048K, 2 young (4096K), 1 survivors (2048K)
 Metaspace       used 77364K, committed 77952K, reserved 1122304K
  class space    used 10610K, committed 10880K, reserved 1048576K

Heap Regions: E=young(eden), S=young(survivor), O=old, HS=humongous(starts), HC=humongous(continues), CS=collection set, F=free, OA=open archive, CA=closed archive, TAMS=top-at-mark-start (previous, next)
|   0|0x0000000723400000, 0x0000000723600000, 0x0000000723600000|100%| O|  |TAMS 0x0000000723600000, 0x0000000723400000| Untracked 
|   1|0x0000000723600000, 0x0000000723800000, 0x0000000723800000|100%| O|  |TAMS 0x0000000723800000, 0x0000000723600000| Untracked 
|   2|0x0000000723800000, 0x0000000723a00000, 0x0000000723a00000|100%| O|  |TAMS 0x0000000723a00000, 0x0000000723800000| Untracked 
|   3|0x0000000723a00000, 0x0000000723c00000, 0x0000000723c00000|100%| O|  |TAMS 0x0000000723c00000, 0x0000000723a00000| Untracked 
|   4|0x0000000723c00000, 0x0000000723e00000, 0x0000000723e00000|100%| O|  |TAMS 0x0000000723e00000, 0x0000000723c00000| Untracked 
|   5|0x0000000723e00000, 0x0000000724000000, 0x0000000724000000|100%| O|  |TAMS 0x0000000724000000, 0x0000000723e00000| Untracked 
|   6|0x0000000724000000, 0x0000000724200000, 0x0000000724200000|100%| O|  |TAMS 0x0000000724200000, 0x0000000724000000| Untracked 
|   7|0x0000000724200000, 0x0000000724400000, 0x0000000724400000|100%| O|  |TAMS 0x0000000724400000, 0x0000000724200000| Untracked 
|   8|0x0000000724400000, 0x0000000724600000, 0x0000000724600000|100%| O|  |TAMS 0x0000000724400000, 0x0000000724400000| Untracked 
|   9|0x0000000724600000, 0x0000000724800000, 0x0000000724800000|100%| O|  |TAMS 0x0000000724800000, 0x0000000724600000| Untracked 
|  10|0x0000000724800000, 0x0000000724a00000, 0x0000000724a00000|100%| O|  |TAMS 0x0000000724a00000, 0x0000000724800000| Untracked 
|  11|0x0000000724a00000, 0x0000000724c00000, 0x0000000724c00000|100%| O|  |TAMS 0x0000000724c00000, 0x0000000724a00000| Untracked 
|  12|0x0000000724c00000, 0x0000000724e00000, 0x0000000724e00000|100%| O|  |TAMS 0x0000000724e00000, 0x0000000724c00000| Untracked 
|  13|0x0000000724e00000, 0x0000000725000000, 0x0000000725000000|100%| O|  |TAMS 0x0000000725000000, 0x0000000724e00000| Untracked 
|  14|0x0000000725000000, 0x0000000725200000, 0x0000000725200000|100%| O|  |TAMS 0x000000072509a600, 0x0000000725000000| Untracked 
|  15|0x0000000725200000, 0x00000007253a8600, 0x0000000725400000| 82%| O|  |TAMS 0x0000000725200000, 0x0000000725200000| Untracked 
|  16|0x0000000725400000, 0x0000000725400000, 0x0000000725600000|  0%| F|  |TAMS 0x0000000725400000, 0x0000000725400000| Untracked 
|  17|0x0000000725600000, 0x0000000725600000, 0x0000000725800000|  0%| F|  |TAMS 0x0000000725600000, 0x0000000725600000| Untracked 
|  18|0x0000000725800000, 0x0000000725800000, 0x0000000725a00000|  0%| F|  |TAMS 0x0000000725800000, 0x0000000725800000| Untracked 
|  19|0x0000000725a00000, 0x0000000725a00000, 0x0000000725c00000|  0%| F|  |TAMS 0x0000000725a00000, 0x0000000725a00000| Untracked 
|  20|0x0000000725c00000, 0x0000000725c00000, 0x0000000725e00000|  0%| F|  |TAMS 0x0000000725c00000, 0x0000000725c00000| Untracked 
|  21|0x0000000725e00000, 0x0000000725e00000, 0x0000000726000000|  0%| F|  |TAMS 0x0000000725e00000, 0x0000000725e00000| Untracked 
|  22|0x0000000726000000, 0x00000007261d19c8, 0x0000000726200000| 90%| S|CS|TAMS 0x0000000726000000, 0x0000000726000000| Complete 
|  23|0x0000000726200000, 0x0000000726200000, 0x0000000726400000|  0%| F|  |TAMS 0x0000000726200000, 0x0000000726200000| Untracked 
|  24|0x0000000726400000, 0x0000000726400000, 0x0000000726600000|  0%| F|  |TAMS 0x0000000726400000, 0x0000000726400000| Untracked 
|  42|0x0000000728800000, 0x0000000728800000, 0x0000000728a00000|  0%| F|  |TAMS 0x0000000728800000, 0x0000000728800000| Untracked 
|  43|0x0000000728a00000, 0x0000000728a00000, 0x0000000728c00000|  0%| F|  |TAMS 0x0000000728a00000, 0x0000000728a00000| Untracked 
|  44|0x0000000728c00000, 0x0000000728c00000, 0x0000000728e00000|  0%| F|  |TAMS 0x0000000728c00000, 0x0000000728c00000| Untracked 
|  45|0x0000000728e00000, 0x0000000728e00000, 0x0000000729000000|  0%| F|  |TAMS 0x0000000728e00000, 0x0000000728e00000| Untracked 
| 110|0x0000000731000000, 0x00000007310eb5a0, 0x0000000731200000| 45%| E|  |TAMS 0x0000000731000000, 0x0000000731000000| Complete 

Card table byte_map: [0x000001a964d80000,0x000001a965470000] _byte_map_base: 0x000001a961466000

Marking Bits (Prev, Next): (CMBitMap*) 0x000001a94d983bf0, (CMBitMap*) 0x000001a94d983bb0
 Prev Bits: [0x000001a969290000, 0x000001a96c9c0000)
 Next Bits: [0x000001a965b60000, 0x000001a969290000)

Polling page: 0x000001a94b8c0000

Metaspace:

Usage:
  Non-class:     65.19 MB used.
      Class:     10.36 MB used.
       Both:     75.55 MB used.

Virtual space:
  Non-class space:       72.00 MB reserved,      65.50 MB ( 91%) committed,  9 nodes.
      Class space:        1.00 GB reserved,      10.62 MB (  1%) committed,  1 nodes.
             Both:        1.07 GB reserved,      76.12 MB (  7%) committed. 

Chunk freelists:
   Non-Class:  2.53 MB
       Class:  1.20 MB
        Both:  3.73 MB

MaxMetaspaceSize: unlimited
CompressedClassSpaceSize: 1.00 GB
Initial GC threshold: 21.00 MB
Current GC threshold: 118.88 MB
CDS: on
MetaspaceReclaimPolicy: balanced
 - commit_granule_bytes: 65536.
 - commit_granule_words: 8192.
 - virtual_space_node_default_size: 1048576.
 - enlarge_chunks_in_place: 1.
 - new_chunks_are_fully_committed: 0.
 - uncommit_free_chunks: 1.
 - use_allocation_guard: 0.
 - handle_deallocations: 1.


Internal statistics:

num_allocs_failed_limit: 9.
num_arena_births: 810.
num_arena_deaths: 0.
num_vsnodes_births: 10.
num_vsnodes_deaths: 0.
num_space_committed: 1218.
num_space_uncommitted: 0.
num_chunks_returned_to_freelist: 9.
num_chunks_taken_from_freelist: 3528.
num_chunk_merges: 9.
num_chunk_splits: 2567.
num_chunks_enlarged: 2023.
num_purges: 0.
num_inconsistent_stats: 0.

CodeHeap 'non-profiled nmethods': size=120000Kb used=4331Kb max_used=4331Kb free=115668Kb
 bounds [0x000001a95cc00000, 0x000001a95d040000, 0x000001a964130000]
CodeHeap 'profiled nmethods': size=120000Kb used=11527Kb max_used=11527Kb free=108472Kb
 bounds [0x000001a9556d0000, 0x000001a956220000, 0x000001a95cc00000]
CodeHeap 'non-nmethods': size=5760Kb used=1378Kb max_used=1416Kb free=4382Kb
 bounds [0x000001a955130000, 0x000001a9553a0000, 0x000001a9556d0000]
 total_blobs=6527 nmethods=5809 adapters=630
 compilation: enabled
              stopped_count=0, restarted_count=0
 full_count=0

Compilation events (20 events):
Event: 29.571 Thread 0x000001a96f637c80 6624       3       jakarta.servlet.ServletRequestWrapper::removeAttribute (11 bytes)
Event: 29.571 Thread 0x000001a96f637c80 nmethod 6624 0x000001a956210290 code [0x000001a956210440, 0x000001a956210628]
Event: 29.571 Thread 0x000001a96f637c80 6625       1       org.apache.catalina.core.ApplicationHttpRequest::getRequestURI (5 bytes)
Event: 29.571 Thread 0x000001a96f637c80 nmethod 6625 0x000001a95d03a010 code [0x000001a95d03a1a0, 0x000001a95d03a278]
Event: 29.571 Thread 0x000001a96f637c80 6626       1       org.apache.catalina.core.ApplicationHttpRequest::getContextPath (5 bytes)
Event: 29.571 Thread 0x000001a96f637c80 nmethod 6626 0x000001a95d03a310 code [0x000001a95d03a4a0, 0x000001a95d03a578]
Event: 29.571 Thread 0x000001a96f637c80 6627       1       org.apache.catalina.core.ApplicationHttpRequest::getServletPath (5 bytes)
Event: 29.572 Thread 0x000001a96f637c80 nmethod 6627 0x000001a95d03a610 code [0x000001a95d03a7a0, 0x000001a95d03a878]
Event: 29.572 Thread 0x000001a96f637c80 6628       1       org.apache.catalina.core.ApplicationHttpRequest::getPathInfo (5 bytes)
Event: 29.572 Thread 0x000001a96f637c80 nmethod 6628 0x000001a95d03a910 code [0x000001a95d03aaa0, 0x000001a95d03ab78]
Event: 29.572 Thread 0x000001a96f637c80 6629       3       java.util.Comparator$$Lambda$542/0x0000000800f47d58::compare (16 bytes)
Event: 29.572 Thread 0x000001a96f637c80 nmethod 6629 0x000001a956210710 code [0x000001a9562108c0, 0x000001a956210aa8]
Event: 29.572 Thread 0x000001a96f637c80 6630       3       java.util.Comparator::lambda$thenComparing$36697e65$1 (29 bytes)
Event: 29.572 Thread 0x000001a96f637c80 nmethod 6630 0x000001a956210b90 code [0x000001a956210d40, 0x000001a956211078]
Event: 29.573 Thread 0x000001a96f637c80 6631       3       org.springframework.util.LinkedCaseInsensitiveMap::get (43 bytes)
Event: 29.573 Thread 0x000001a96f637c80 nmethod 6631 0x000001a956211190 code [0x000001a9562113e0, 0x000001a956211ec8]
Event: 29.573 Thread 0x000001a96f637c80 6632       3       java.lang.invoke.VarHandleReferences$Array::runtimeTypeCheck (26 bytes)
Event: 29.573 Thread 0x000001a96f637c80 nmethod 6632 0x000001a956212190 code [0x000001a9562123e0, 0x000001a956212c38]
Event: 29.573 Thread 0x000001a96f637c80 6633       1       com.fasterxml.jackson.databind.type.SimpleType::isContainerType (2 bytes)
Event: 29.573 Thread 0x000001a96f637c80 nmethod 6633 0x000001a95d03ac10 code [0x000001a95d03ada0, 0x000001a95d03ae78]

GC Heap History (20 events):
Event: 2.758 GC heap before
{Heap before GC invocations=11 (full 0):
 garbage-first heap   total 61440K, used 45241K [0x0000000723400000, 0x0000000800000000)
  region size 2048K, 14 young (28672K), 2 survivors (4096K)
 Metaspace       used 49634K, committed 50112K, reserved 1097728K
  class space    used 6702K, committed 6912K, reserved 1048576K
}
Event: 2.759 GC heap after
{Heap after GC invocations=12 (full 0):
 garbage-first heap   total 61440K, used 22111K [0x0000000723400000, 0x0000000800000000)
  region size 2048K, 2 young (4096K), 2 survivors (4096K)
 Metaspace       used 49634K, committed 50112K, reserved 1097728K
  class space    used 6702K, committed 6912K, reserved 1048576K
}
Event: 3.017 GC heap before
{Heap before GC invocations=12 (full 0):
 garbage-first heap   total 61440K, used 44639K [0x0000000723400000, 0x0000000800000000)
  region size 2048K, 13 young (26624K), 2 survivors (4096K)
 Metaspace       used 55126K, committed 55616K, reserved 1097728K
  class space    used 7648K, committed 7872K, reserved 1048576K
}
Event: 3.019 GC heap after
{Heap after GC invocations=13 (full 0):
 garbage-first heap   total 61440K, used 23131K [0x0000000723400000, 0x0000000800000000)
  region size 2048K, 2 young (4096K), 2 survivors (4096K)
 Metaspace       used 55126K, committed 55616K, reserved 1097728K
  class space    used 7648K, committed 7872K, reserved 1048576K
}
Event: 3.236 GC heap before
{Heap before GC invocations=13 (full 0):
 garbage-first heap   total 61440K, used 45659K [0x0000000723400000, 0x0000000800000000)
  region size 2048K, 13 young (26624K), 2 survivors (4096K)
 Metaspace       used 58157K, committed 58624K, reserved 1105920K
  class space    used 8022K, committed 8256K, reserved 1048576K
}
Event: 3.238 GC heap after
{Heap after GC invocations=14 (full 0):
 garbage-first heap   total 61440K, used 24948K [0x0000000723400000, 0x0000000800000000)
  region size 2048K, 2 young (4096K), 2 survivors (4096K)
 Metaspace       used 58157K, committed 58624K, reserved 1105920K
  class space    used 8022K, committed 8256K, reserved 1048576K
}
Event: 3.331 GC heap before
{Heap before GC invocations=14 (full 0):
 garbage-first heap   total 61440K, used 31092K [0x0000000723400000, 0x0000000800000000)
  region size 2048K, 6 young (12288K), 2 survivors (4096K)
 Metaspace       used 59651K, committed 60096K, reserved 1105920K
  class space    used 8260K, committed 8448K, reserved 1048576K
}
Event: 3.332 GC heap after
{Heap after GC invocations=15 (full 0):
 garbage-first heap   total 61440K, used 25596K [0x0000000723400000, 0x0000000800000000)
  region size 2048K, 2 young (4096K), 2 survivors (4096K)
 Metaspace       used 59651K, committed 60096K, reserved 1105920K
  class space    used 8260K, committed 8448K, reserved 1048576K
}
Event: 3.547 GC heap before
{Heap before GC invocations=16 (full 0):
 garbage-first heap   total 61440K, used 46076K [0x0000000723400000, 0x0000000800000000)
  region size 2048K, 12 young (24576K), 2 survivors (4096K)
 Metaspace       used 61765K, committed 62400K, reserved 1105920K
  class space    used 8639K, committed 8960K, reserved 1048576K
}
Event: 3.549 GC heap after
{Heap after GC invocations=17 (full 0):
 garbage-first heap   total 61440K, used 27689K [0x0000000723400000, 0x0000000800000000)
  region size 2048K, 2 young (4096K), 2 survivors (4096K)
 Metaspace       used 61765K, committed 62400K, reserved 1105920K
  class space    used 8639K, committed 8960K, reserved 1048576K
}
Event: 3.580 GC heap before
{Heap before GC invocations=17 (full 0):
 garbage-first heap   total 61440K, used 29737K [0x0000000723400000, 0x0000000800000000)
  region size 2048K, 3 young (6144K), 2 survivors (4096K)
 Metaspace       used 61919K, committed 62528K, reserved 1105920K
  class space    used 8662K, committed 8960K, reserved 1048576K
}
Event: 3.582 GC heap after
{Heap after GC invocations=18 (full 0):
 garbage-first heap   total 61440K, used 27881K [0x0000000723400000, 0x0000000800000000)
  region size 2048K, 1 young (2048K), 1 survivors (2048K)
 Metaspace       used 61919K, committed 62528K, reserved 1105920K
  class space    used 8662K, committed 8960K, reserved 1048576K
}
Event: 3.733 GC heap before
{Heap before GC invocations=18 (full 0):
 garbage-first heap   total 61440K, used 46313K [0x0000000723400000, 0x0000000800000000)
  region size 2048K, 10 young (20480K), 1 survivors (2048K)
 Metaspace       used 63747K, committed 64320K, reserved 1105920K
  class space    used 8923K, committed 9216K, reserved 1048576K
}
Event: 3.734 GC heap after
{Heap after GC invocations=19 (full 0):
 garbage-first heap   total 61440K, used 29038K [0x0000000723400000, 0x0000000800000000)
  region size 2048K, 1 young (2048K), 1 survivors (2048K)
 Metaspace       used 63747K, committed 64320K, reserved 1105920K
  class space    used 8923K, committed 9216K, reserved 1048576K
}
Event: 5.003 GC heap before
{Heap before GC invocations=20 (full 0):
 garbage-first heap   total 61440K, used 47470K [0x0000000723400000, 0x0000000800000000)
  region size 2048K, 10 young (20480K), 1 survivors (2048K)
 Metaspace       used 67817K, committed 68352K, reserved 1114112K
  class space    used 9458K, committed 9728K, reserved 1048576K
}
Event: 5.006 GC heap after
{Heap after GC invocations=21 (full 0):
 garbage-first heap   total 61440K, used 31337K [0x0000000723400000, 0x0000000800000000)
  region size 2048K, 2 young (4096K), 2 survivors (4096K)
 Metaspace       used 67817K, committed 68352K, reserved 1114112K
  class space    used 9458K, committed 9728K, reserved 1048576K
}
Event: 8.578 GC heap before
{Heap before GC invocations=21 (full 0):
 garbage-first heap   total 61440K, used 45673K [0x0000000723400000, 0x0000000800000000)
  region size 2048K, 10 young (20480K), 2 survivors (4096K)
 Metaspace       used 72011K, committed 72512K, reserved 1114112K
  class space    used 10012K, committed 10240K, reserved 1048576K
}
Event: 8.580 GC heap after
{Heap after GC invocations=22 (full 0):
 garbage-first heap   total 61440K, used 32477K [0x0000000723400000, 0x0000000800000000)
  region size 2048K, 1 young (2048K), 1 survivors (2048K)
 Metaspace       used 72011K, committed 72512K, reserved 1114112K
  class space    used 10012K, committed 10240K, reserved 1048576K
}
Event: 29.476 GC heap before
{Heap before GC invocations=23 (full 0):
 garbage-first heap   total 61440K, used 44765K [0x0000000723400000, 0x0000000800000000)
  region size 2048K, 8 young (16384K), 1 survivors (2048K)
 Metaspace       used 77297K, committed 77888K, reserved 1122304K
  class space    used 10610K, committed 10880K, reserved 1048576K
}
Event: 29.477 GC heap after
{Heap after GC invocations=24 (full 0):
 garbage-first heap   total 61440K, used 34279K [0x0000000723400000, 0x0000000800000000)
  region size 2048K, 1 young (2048K), 1 survivors (2048K)
 Metaspace       used 77297K, committed 77888K, reserved 1122304K
  class space    used 10610K, committed 10880K, reserved 1048576K
}

Deoptimization events (20 events):
Event: 25.450 Thread 0x000001a97195ab30 Uncommon trap: trap_request=0xffffffde fr.pc=0x000001a95cfec34c relative=0x00000000000002ac
Event: 25.450 Thread 0x000001a97195ab30 Uncommon trap: reason=class_check action=maybe_recompile pc=0x000001a95cfec34c method=java.util.regex.Matcher.search(I)Z @ 121 c2
Event: 25.450 Thread 0x000001a97195ab30 DEOPT PACKING pc=0x000001a95cfec34c sp=0x0000003a645fc0b0
Event: 25.450 Thread 0x000001a97195ab30 DEOPT UNPACKING pc=0x000001a9551823a3 sp=0x0000003a645fc040 mode 2
Event: 28.030 Thread 0x000001a97935a310 Uncommon trap: trap_request=0xffffffde fr.pc=0x000001a95cfec34c relative=0x00000000000002ac
Event: 28.030 Thread 0x000001a97935a310 Uncommon trap: reason=class_check action=maybe_recompile pc=0x000001a95cfec34c method=java.util.regex.Matcher.search(I)Z @ 121 c2
Event: 28.030 Thread 0x000001a97935a310 DEOPT PACKING pc=0x000001a95cfec34c sp=0x0000003a649fb2d0
Event: 28.030 Thread 0x000001a97935a310 DEOPT UNPACKING pc=0x000001a9551823a3 sp=0x0000003a649fb260 mode 2
Event: 28.030 Thread 0x000001a97935a310 Uncommon trap: trap_request=0xffffffde fr.pc=0x000001a95cfec34c relative=0x00000000000002ac
Event: 28.030 Thread 0x000001a97935a310 Uncommon trap: reason=class_check action=maybe_recompile pc=0x000001a95cfec34c method=java.util.regex.Matcher.search(I)Z @ 121 c2
Event: 28.030 Thread 0x000001a97935a310 DEOPT PACKING pc=0x000001a95cfec34c sp=0x0000003a649fb2d0
Event: 28.030 Thread 0x000001a97935a310 DEOPT UNPACKING pc=0x000001a9551823a3 sp=0x0000003a649fb260 mode 2
Event: 28.030 Thread 0x000001a97935a310 Uncommon trap: trap_request=0xffffff45 fr.pc=0x000001a95cca25c4 relative=0x0000000000000044
Event: 28.030 Thread 0x000001a97935a310 Uncommon trap: reason=unstable_if action=reinterpret pc=0x000001a95cca25c4 method=sun.net.util.IPAddressUtil.scan(Ljava/lang/String;JJ[C)I @ 14 c2
Event: 28.030 Thread 0x000001a97935a310 DEOPT PACKING pc=0x000001a95cca25c4 sp=0x0000003a649fae80
Event: 28.030 Thread 0x000001a97935a310 DEOPT UNPACKING pc=0x000001a9551823a3 sp=0x0000003a649fad60 mode 2
Event: 28.030 Thread 0x000001a97935a310 Uncommon trap: trap_request=0xffffff45 fr.pc=0x000001a95cca9068 relative=0x00000000000007e8
Event: 28.030 Thread 0x000001a97935a310 Uncommon trap: reason=unstable_if action=reinterpret pc=0x000001a95cca9068 method=java.net.URL.set(Ljava/lang/String;Ljava/lang/String;ILjava/lang/String;Ljava/lang/String;Ljava/lang/String;Ljava/lang/String;Ljava/lang/String;)V @ 23 c2
Event: 28.030 Thread 0x000001a97935a310 DEOPT PACKING pc=0x000001a95cca9068 sp=0x0000003a649fae30
Event: 28.030 Thread 0x000001a97935a310 DEOPT UNPACKING pc=0x000001a9551823a3 sp=0x0000003a649fadb0 mode 2

Classes unloaded (0 events):
No events

Classes redefined (0 events):
No events

Internal exceptions (20 events):
Event: 3.258 Thread 0x000001a94d939960 Exception <a 'java/lang/NoSuchMethodError'{0x0000000728e08878}: 'int java.lang.invoke.DirectMethodHandle$Holder.invokeStatic(java.lang.Object, java.lang.Object, int)'> (0x0000000728e08878) 
thrown [t:\workspace\open\src\hotspot\share\interpreter\linkResolver.cpp, line 766]
Event: 3.262 Thread 0x000001a94d939960 Exception <a 'java/lang/IncompatibleClassChangeError'{0x0000000728e4e050}: Found class java.lang.Object, but interface was expected> (0x0000000728e4e050) 
thrown [t:\workspace\open\src\hotspot\share\interpreter\linkResolver.cpp, line 833]
Event: 3.287 Thread 0x000001a94d939960 Exception <a 'java/lang/NoSuchMethodError'{0x0000000728fee258}: 'java.lang.Object java.lang.invoke.DirectMethodHandle$Holder.invokeStatic(java.lang.Object, int, java.lang.Object)'> (0x0000000728fee258) 
thrown [t:\workspace\open\src\hotspot\share\interpreter\linkResolver.cpp, line 766]
Event: 3.290 Thread 0x000001a94d939960 Exception <a 'java/lang/reflect/InvocationTargetException'{0x0000000728c228f0}> (0x0000000728c228f0) 
thrown [t:\workspace\open\src\hotspot\share\runtime\reflection.cpp, line 1121]
Event: 3.476 Thread 0x000001a94d939960 Exception <a 'sun/nio/fs/WindowsException'{0x0000000725f1c7a0}> (0x0000000725f1c7a0) 
thrown [t:\workspace\open\src\hotspot\share\prims\jni.cpp, line 516]
Event: 3.502 Thread 0x000001a94d939960 Exception <a 'java/lang/IncompatibleClassChangeError'{0x0000000725a84958}: Found class java.lang.Object, but interface was expected> (0x0000000725a84958) 
thrown [t:\workspace\open\src\hotspot\share\interpreter\linkResolver.cpp, line 833]
Event: 3.562 Thread 0x000001a94d939960 Exception <a 'java/lang/NoSuchMethodError'{0x00000007310b8548}: 'java.lang.Object java.lang.invoke.DirectMethodHandle$Holder.invokeInterface(java.lang.Object, java.lang.Object, java.lang.Object, java.lang.Object)'> (0x00000007310b8548) 
thrown [t:\workspace\open\src\hotspot\share\interpreter\linkResolver.cpp, line 766]
Event: 3.595 Thread 0x000001a94d939960 Exception <a 'java/lang/NoSuchMethodError'{0x00000007310d7c78}: 'void java.lang.invoke.DirectMethodHandle$Holder.invokeVirtual(java.lang.Object, java.lang.Object, long)'> (0x00000007310d7c78) 
thrown [t:\workspace\open\src\hotspot\share\interpreter\linkResolver.cpp, line 766]
Event: 3.659 Thread 0x000001a94d939960 Exception <a 'java/lang/IncompatibleClassChangeError'{0x00000007288fdf48}: Found class java.lang.Object, but interface was expected> (0x00000007288fdf48) 
thrown [t:\workspace\open\src\hotspot\share\interpreter\linkResolver.cpp, line 833]
Event: 3.741 Thread 0x000001a94d939960 Exception <a 'java/lang/NoSuchMethodError'{0x00000007310a7bb0}: 'java.lang.Object java.lang.invoke.DirectMethodHandle$Holder.newInvokeSpecial(java.lang.Object, java.lang.Object, int, java.lang.Object, java.lang.Object)'> (0x00000007310a7bb0) 
thrown [t:\workspace\open\src\hotspot\share\interpreter\linkResolver.cpp, line 766]
Event: 3.741 Thread 0x000001a94d939960 Exception <a 'java/lang/NoSuchMethodError'{0x00000007310b2e48}: 'java.lang.Object java.lang.invoke.DirectMethodHandle$Holder.invokeSpecial(java.lang.Object, java.lang.Object, int, java.lang.Object, int, java.lang.Object)'> (0x00000007310b2e48) 
thrown [t:\workspace\open\src\hotspot\share\interpreter\linkResolver.cpp, line 766]
Event: 3.742 Thread 0x000001a94d939960 Exception <a 'java/lang/NoSuchMethodError'{0x00000007310bb868}: 'java.lang.Object java.lang.invoke.DirectMethodHandle$Holder.newInvokeSpecial(java.lang.Object, java.lang.Object, int, java.lang.Object, int)'> (0x00000007310bb868) 
thrown [t:\workspace\open\src\hotspot\share\interpreter\linkResolver.cpp, line 766]
Event: 3.742 Thread 0x000001a94d939960 Exception <a 'java/lang/NoSuchMethodError'{0x00000007310bf968}: 'java.lang.Object java.lang.invoke.DirectMethodHandle$Holder.invokeSpecial(java.lang.Object, java.lang.Object, java.lang.Object, int, java.lang.Object, int)'> (0x00000007310bf968) 
thrown [t:\workspace\open\src\hotspot\share\interpreter\linkResolver.cpp, line 766]
Event: 4.844 Thread 0x000001a97195ab30 Exception <a 'java/lang/NoSuchMethodError'{0x0000000728d544b0}: 'java.lang.Object java.lang.invoke.DirectMethodHandle$Holder.invokeSpecial(java.lang.Object, java.lang.Object, java.lang.Object, java.lang.Object, java.lang.Object, long)'> (0x0000000728d544b0) 
thrown [t:\workspace\open\src\hotspot\share\interpreter\linkResolver.cpp, line 766]
Event: 4.844 Thread 0x000001a97195ab30 Exception <a 'java/lang/NoSuchMethodError'{0x0000000728d57ef0}: 'java.lang.Object java.lang.invoke.Invokers$Holder.linkToTargetMethod(java.lang.Object, java.lang.Object, java.lang.Object, long, java.lang.Object)'> (0x0000000728d57ef0) 
thrown [t:\workspace\open\src\hotspot\share\interpreter\linkResolver.cpp, line 766]
Event: 6.147 Thread 0x000001a971957fe0 Implicit null exception at 0x000001a95ce1ad93 to 0x000001a95ce1aedc
Event: 6.157 Thread 0x000001a971957fe0 Exception <a 'java/lang/NoSuchMethodError'{0x0000000728b8d7f0}: 'void java.lang.invoke.DirectMethodHandle$Holder.invokeSpecialIFC(java.lang.Object, java.lang.Object, int, java.lang.Object, java.lang.Object, java.lang.Object, java.lang.Object)'> (0x0000000728b8d7f0) 
thrown [t:\workspace\open\src\hotspot\share\interpreter\linkResolver.cpp, line 766]
Event: 6.426 Thread 0x000001a97935a310 Exception <a 'java/lang/NoSuchMethodError'{0x00000007262fe9e0}: 'java.lang.Object java.lang.invoke.DirectMethodHandle$Holder.invokeStatic(java.lang.Object, int, int)'> (0x00000007262fe9e0) 
thrown [t:\workspace\open\src\hotspot\share\interpreter\linkResolver.cpp, line 766]
Event: 6.426 Thread 0x000001a979358630 Exception <a 'java/lang/NoSuchMethodError'{0x00000007262c68d8}: 'java.lang.Object java.lang.invoke.DirectMethodHandle$Holder.invokeStatic(java.lang.Object, int, int)'> (0x00000007262c68d8) 
thrown [t:\workspace\open\src\hotspot\share\interpreter\linkResolver.cpp, line 766]
Event: 8.847 Thread 0x000001a979357c90 Implicit null exception at 0x000001a95cff1973 to 0x000001a95cff1fdc

VM Operations (20 events):
Event: 9.810 Executing VM operation: HandshakeAllThreads
Event: 9.810 Executing VM operation: HandshakeAllThreads done
Event: 9.913 Executing VM operation: HandshakeAllThreads
Event: 9.913 Executing VM operation: HandshakeAllThreads done
Event: 10.913 Executing VM operation: Cleanup
Event: 10.914 Executing VM operation: Cleanup done
Event: 11.927 Executing VM operation: Cleanup
Event: 11.927 Executing VM operation: Cleanup done
Event: 14.951 Executing VM operation: Cleanup
Event: 14.951 Executing VM operation: Cleanup done
Event: 16.952 Executing VM operation: Cleanup
Event: 16.952 Executing VM operation: Cleanup done
Event: 26.007 Executing VM operation: Cleanup
Event: 26.007 Executing VM operation: Cleanup done
Event: 28.029 Executing VM operation: Cleanup
Event: 28.030 Executing VM operation: Cleanup done
Event: 29.035 Executing VM operation: Cleanup
Event: 29.035 Executing VM operation: Cleanup done
Event: 29.476 Executing VM operation: G1CollectForAllocation
Event: 29.477 Executing VM operation: G1CollectForAllocation done

Events (20 events):
Event: 28.093 loading class sun/security/ssl/PreSharedKeyExtension$PskIdentity done
Event: 28.093 loading class sun/security/ssl/PreSharedKeyExtension$CHPreSharedKeySpec
Event: 28.093 loading class sun/security/ssl/PreSharedKeyExtension$CHPreSharedKeySpec done
Event: 28.094 loading class sun/security/ssl/PreSharedKeyExtension$PartialClientHelloMessage
Event: 28.094 loading class sun/security/ssl/PreSharedKeyExtension$PartialClientHelloMessage done
Event: 28.094 loading class sun/security/ssl/SSLEngineOutputRecord
Event: 28.094 loading class sun/security/ssl/SSLEngineOutputRecord done
Event: 28.094 loading class sun/security/ssl/SSLEngineOutputRecord$HandshakeFragment
Event: 28.094 loading class sun/security/ssl/SSLEngineOutputRecord$HandshakeFragment done
Event: 28.094 loading class sun/security/ssl/SSLEngineOutputRecord$HandshakeMemo
Event: 28.094 loading class sun/security/ssl/SSLEngineOutputRecord$RecordMemo
Event: 28.094 loading class sun/security/ssl/SSLEngineOutputRecord$RecordMemo done
Event: 28.094 loading class sun/security/ssl/SSLEngineOutputRecord$HandshakeMemo done
Event: 28.155 loading class sun/security/ssl/PreSharedKeyExtension$SHPreSharedKeySpec
Event: 28.156 loading class sun/security/ssl/PreSharedKeyExtension$SHPreSharedKeySpec done
Event: 28.158 Thread 0x000001a97935a7e0 Thread added: 0x000001a97935a7e0
Event: 28.158 Thread 0x000001a97935a7e0 Thread exited: 0x000001a97935a7e0
Event: 29.475 Thread 0x000001a9716a8450 Thread exited: 0x000001a9716a8450
Event: 29.476 Thread 0x000001a97935a7e0 Thread added: 0x000001a97935a7e0
Event: 29.483 Thread 0x000001a9716a8450 Thread added: 0x000001a9716a8450


Dynamic libraries:
0x00007ff7e8760000 - 0x00007ff7e8770000 	C:\Program Files\Java\jdk-17.0.1\bin\java.exe
0x00007ffdf6c90000 - 0x00007ffdf6e88000 	C:\WINDOWS\SYSTEM32\ntdll.dll
0x00007ffdf5940000 - 0x00007ffdf59fd000 	C:\WINDOWS\System32\KERNEL32.DLL
0x00007ffdf4600000 - 0x00007ffdf48f6000 	C:\WINDOWS\System32\KERNELBASE.dll
0x00007ffdf4500000 - 0x00007ffdf4600000 	C:\WINDOWS\System32\ucrtbase.dll
0x00007ffdedbc0000 - 0x00007ffdedbd8000 	C:\Program Files\Java\jdk-17.0.1\bin\jli.dll
0x00007ffdf1ab0000 - 0x00007ffdf1aca000 	C:\Program Files\Java\jdk-17.0.1\bin\VCRUNTIME140.dll
0x00007ffdf4cd0000 - 0x00007ffdf4d83000 	C:\WINDOWS\System32\ADVAPI32.dll
0x00007ffdf5080000 - 0x00007ffdf511e000 	C:\WINDOWS\System32\msvcrt.dll
0x00007ffdf4ec0000 - 0x00007ffdf4f5f000 	C:\WINDOWS\System32\sechost.dll
0x00007ffdf6550000 - 0x00007ffdf6676000 	C:\WINDOWS\System32\RPCRT4.dll
0x00007ffdf4ae0000 - 0x00007ffdf4b07000 	C:\WINDOWS\System32\bcrypt.dll
0x00007ffdf61d0000 - 0x00007ffdf636e000 	C:\WINDOWS\System32\USER32.dll
0x00007ffdf4b10000 - 0x00007ffdf4b32000 	C:\WINDOWS\System32\win32u.dll
0x00007ffdcf4c0000 - 0x00007ffdcf75a000 	C:\WINDOWS\WinSxS\amd64_microsoft.windows.common-controls_6595b64144ccf1df_6.0.19041.3636_none_60b6a03d71f818d5\COMCTL32.dll
0x00007ffdf6890000 - 0x00007ffdf68bb000 	C:\WINDOWS\System32\GDI32.dll
0x00007ffdf4bb0000 - 0x00007ffdf4cc7000 	C:\WINDOWS\System32\gdi32full.dll
0x00007ffdf4990000 - 0x00007ffdf4a2d000 	C:\WINDOWS\System32\msvcp_win.dll
0x00007ffdea340000 - 0x00007ffdea34a000 	C:\WINDOWS\SYSTEM32\VERSION.dll
0x00007ffdf5900000 - 0x00007ffdf5932000 	C:\WINDOWS\System32\IMM32.DLL
0x00007ffdf1ae0000 - 0x00007ffdf1aec000 	C:\Program Files\Java\jdk-17.0.1\bin\vcruntime140_1.dll
0x00007ffde2d30000 - 0x00007ffde2dbd000 	C:\Program Files\Java\jdk-17.0.1\bin\msvcp140.dll
0x00007ffd8d680000 - 0x00007ffd8e23e000 	C:\Program Files\Java\jdk-17.0.1\bin\server\jvm.dll
0x00007ffdf6980000 - 0x00007ffdf6988000 	C:\WINDOWS\System32\PSAPI.DLL
0x00007ffde9b90000 - 0x00007ffde9bb7000 	C:\WINDOWS\SYSTEM32\WINMM.dll
0x00007ffdcf0e0000 - 0x00007ffdcf0e9000 	C:\WINDOWS\SYSTEM32\WSOCK32.dll
0x00007ffdf64e0000 - 0x00007ffdf654b000 	C:\WINDOWS\System32\WS2_32.dll
0x00007ffdf2200000 - 0x00007ffdf2212000 	C:\WINDOWS\SYSTEM32\kernel.appcore.dll
0x00007ffdf1a90000 - 0x00007ffdf1a9a000 	C:\Program Files\Java\jdk-17.0.1\bin\jimage.dll
0x00007ffdea590000 - 0x00007ffdea774000 	C:\WINDOWS\SYSTEM32\DBGHELP.DLL
0x00007ffde1d40000 - 0x00007ffde1d74000 	C:\WINDOWS\SYSTEM32\dbgcore.DLL
0x00007ffdf4900000 - 0x00007ffdf4982000 	C:\WINDOWS\System32\bcryptPrimitives.dll
0x00007ffdeec60000 - 0x00007ffdeec85000 	C:\Program Files\Java\jdk-17.0.1\bin\java.dll
0x00007ffdc5050000 - 0x00007ffdc5126000 	C:\Program Files\Java\jdk-17.0.1\bin\svml.dll
0x00007ffdf5120000 - 0x00007ffdf5865000 	C:\WINDOWS\System32\SHELL32.dll
0x00007ffdf2400000 - 0x00007ffdf2b9c000 	C:\WINDOWS\SYSTEM32\windows.storage.dll
0x00007ffdf5e70000 - 0x00007ffdf61c4000 	C:\WINDOWS\System32\combase.dll
0x00007ffdf3d80000 - 0x00007ffdf3dae000 	C:\WINDOWS\SYSTEM32\Wldp.dll
0x00007ffdf4d90000 - 0x00007ffdf4e5d000 	C:\WINDOWS\System32\OLEAUT32.dll
0x00007ffdf6380000 - 0x00007ffdf642d000 	C:\WINDOWS\System32\SHCORE.dll
0x00007ffdf68c0000 - 0x00007ffdf6915000 	C:\WINDOWS\System32\shlwapi.dll
0x00007ffdf4280000 - 0x00007ffdf42a5000 	C:\WINDOWS\SYSTEM32\profapi.dll
0x00007ffded850000 - 0x00007ffded869000 	C:\Program Files\Java\jdk-17.0.1\bin\net.dll
0x00007ffdec990000 - 0x00007ffdeca9a000 	C:\WINDOWS\SYSTEM32\WINHTTP.dll
0x00007ffdf3a70000 - 0x00007ffdf3ada000 	C:\WINDOWS\system32\mswsock.dll
0x00007ffded780000 - 0x00007ffded795000 	C:\Program Files\Java\jdk-17.0.1\bin\nio.dll
0x00007ffde9160000 - 0x00007ffde9178000 	C:\Program Files\Java\jdk-17.0.1\bin\zip.dll
0x00007ffde8360000 - 0x00007ffde836e000 	C:\Program Files\Java\jdk-17.0.1\bin\sunmscapi.dll
0x00007ffdf43a0000 - 0x00007ffdf44fd000 	C:\WINDOWS\System32\CRYPT32.dll
0x00007ffdf3df0000 - 0x00007ffdf3e18000 	C:\WINDOWS\SYSTEM32\ncrypt.dll
0x00007ffdf3db0000 - 0x00007ffdf3deb000 	C:\WINDOWS\SYSTEM32\NTASN1.dll
0x00007ffdf3c60000 - 0x00007ffdf3c78000 	C:\WINDOWS\SYSTEM32\CRYPTSP.dll
0x00007ffdf3340000 - 0x00007ffdf3374000 	C:\WINDOWS\system32\rsaenh.dll
0x00007ffdf4240000 - 0x00007ffdf426e000 	C:\WINDOWS\SYSTEM32\USERENV.dll
0x00007ffdf3c80000 - 0x00007ffdf3c8c000 	C:\WINDOWS\SYSTEM32\CRYPTBASE.dll
0x00007ffdf3700000 - 0x00007ffdf373b000 	C:\WINDOWS\SYSTEM32\IPHLPAPI.DLL
0x00007ffdf58f0000 - 0x00007ffdf58f8000 	C:\WINDOWS\System32\NSI.dll
0x00007ffded350000 - 0x00007ffded367000 	C:\WINDOWS\SYSTEM32\dhcpcsvc6.DLL
0x00007ffded450000 - 0x00007ffded46d000 	C:\WINDOWS\SYSTEM32\dhcpcsvc.DLL
0x00007ffdf3740000 - 0x00007ffdf380b000 	C:\WINDOWS\SYSTEM32\DNSAPI.dll
0x00007ffde8a20000 - 0x00007ffde8a29000 	C:\Program Files\Java\jdk-17.0.1\bin\management.dll
0x00007ffde89a0000 - 0x00007ffde89ab000 	C:\Program Files\Java\jdk-17.0.1\bin\management_ext.dll
0x00007ffdefd30000 - 0x00007ffdefd40000 	C:\Program Files\Java\jdk-17.0.1\bin\verify.dll
0x00007ffded370000 - 0x00007ffded37a000 	C:\Windows\System32\rasadhlp.dll
0x00007ffdec300000 - 0x00007ffdec380000 	C:\WINDOWS\System32\fwpuclnt.dll
0x00007ffde7f10000 - 0x00007ffde7f17000 	C:\WINDOWS\system32\wshunix.dll

dbghelp: loaded successfully - version: 4.0.5 - missing functions: none
symbol engine: initialized successfully - sym options: 0x614 - pdb path: .;C:\Program Files\Java\jdk-17.0.1\bin;C:\WINDOWS\SYSTEM32;C:\WINDOWS\WinSxS\amd64_microsoft.windows.common-controls_6595b64144ccf1df_6.0.19041.3636_none_60b6a03d71f818d5;C:\Program Files\Java\jdk-17.0.1\bin\server

VM Arguments:
java_command: gutenbergproject4cbu.demo.DemoApplication
java_class_path (initial): C:\Users\pc\Desktop\gutenbergproject4cbu\springboot\target\classes;C:\Users\pc\.m2\repository\org\springframework\boot\spring-boot-starter-data-jpa\3.2.2\spring-boot-starter-data-jpa-3.2.2.jar;C:\Users\pc\.m2\repository\org\springframework\boot\spring-boot-starter-aop\3.2.2\spring-boot-starter-aop-3.2.2.jar;C:\Users\pc\.m2\repository\org\aspectj\aspectjweaver\1.9.21\aspectjweaver-1.9.21.jar;C:\Users\pc\.m2\repository\org\springframework\boot\spring-boot-starter-jdbc\3.2.2\spring-boot-starter-jdbc-3.2.2.jar;C:\Users\pc\.m2\repository\com\zaxxer\HikariCP\5.0.1\HikariCP-5.0.1.jar;C:\Users\pc\.m2\repository\org\springframework\spring-jdbc\6.1.3\spring-jdbc-6.1.3.jar;C:\Users\pc\.m2\repository\org\hibernate\orm\hibernate-core\6.4.1.Final\hibernate-core-6.4.1.Final.jar;C:\Users\pc\.m2\repository\org\jboss\logging\jboss-logging\3.5.3.Final\jboss-logging-3.5.3.Final.jar;C:\Users\pc\.m2\repository\org\hibernate\common\hibernate-commons-annotations\6.0.6.Final\hibernate-commons-annotations-6.0.6.Final.jar;C:\Users\pc\.m2\repository\io\smallrye\jandex\3.1.2\jandex-3.1.2.jar;C:\Users\pc\.m2\repository\com\fasterxml\classmate\1.6.0\classmate-1.6.0.jar;C:\Users\pc\.m2\repository\net\bytebuddy\byte-buddy\1.14.11\byte-buddy-1.14.11.jar;C:\Users\pc\.m2\repository\org\glassfish\jaxb\jaxb-runtime\4.0.4\jaxb-runtime-4.0.4.jar;C:\Users\pc\.m2\repository\org\glassfish\jaxb\jaxb-core\4.0.4\jaxb-core-4.0.4.jar;C:\Users\pc\.m2\repository\org\eclipse\angus\angus-activation\2.0.1\angus-activation-2.0.1.jar;C:\Users\pc\.m2\repository\org\glassfish\jaxb\txw2\4.0.4\txw2-4.0.4.jar;C:\Users\pc\.m2\repository\com\sun\istack\istack-commons-runtime\4.1.2\istack-commons-runtime-4.1.2.jar;C:\Users\pc\.m2\repository\org\antlr\antlr4-runtime\4.13.0\antlr4-runtime-4.13.0.jar;C:\Users\pc\.m2\repository\org\springframework\data\spring-data-jpa\3.2.2\spring-data-jpa-3.2.2.jar;C:\Users\pc\.m2\repository\org\springframework\data\spring-data-commons\3.2.2\spring-data-commons-3.2.2.j
Launcher Type: SUN_STANDARD

[Global flags]
     intx CICompilerCount                          = 4                                         {product} {ergonomic}
     uint ConcGCThreads                            = 3                                         {product} {ergonomic}
     uint G1ConcRefinementThreads                  = 10                                        {product} {ergonomic}
   size_t G1HeapRegionSize                         = 2097152                                   {product} {ergonomic}
    uintx GCDrainStackTargetSize                   = 64                                        {product} {ergonomic}
   size_t InitialHeapSize                          = 232783872                                 {product} {ergonomic}
   size_t MarkStackSize                            = 4194304                                   {product} {ergonomic}
   size_t MaxHeapSize                              = 3703570432                                {product} {ergonomic}
   size_t MaxNewSize                               = 2220883968                                {product} {ergonomic}
   size_t MinHeapDeltaBytes                        = 2097152                                   {product} {ergonomic}
   size_t MinHeapSize                              = 8388608                                   {product} {ergonomic}
    uintx NonNMethodCodeHeapSize                   = 5839372                                {pd product} {ergonomic}
    uintx NonProfiledCodeHeapSize                  = 122909434                              {pd product} {ergonomic}
    uintx ProfiledCodeHeapSize                     = 122909434                              {pd product} {ergonomic}
    uintx ReservedCodeCacheSize                    = 251658240                              {pd product} {ergonomic}
     bool SegmentedCodeCache                       = true                                      {product} {ergonomic}
   size_t SoftMaxHeapSize                          = 3703570432                             {manageable} {ergonomic}
     bool UseCompressedClassPointers               = true                           {product lp64_product} {ergonomic}
     bool UseCompressedOops                        = true                           {product lp64_product} {ergonomic}
     bool UseG1GC                                  = true                                      {product} {ergonomic}
     bool UseLargePagesIndividualAllocation        = false                                  {pd product} {ergonomic}

Logging:
Log output configuration:
 #0: stdout all=warning uptime,level,tags
 #1: stderr all=off uptime,level,tags

Environment Variables:
JAVA_HOME=C:\Program Files\Java\jdk-17.0.1
PATH=C:\Program Files\PostgreSQL\16\bin;C:\Program Files\dotnet\;C:\ProgramData\Microsoft\Windows\Start Menu\Programs\Python 3.10;C:\Python310;C:\Program Files\nodejs\;C:C:\Python310\Scripts;C:\Program Files\Microsoft SQL Server\Client SDK\ODBC\170\Tools\Binn\;C:\Program Files\Microsoft SQL Server\160\DTS\Binn\;C:\Program Files\Microsoft SQL Server\160\Tools\Binn\;C:\Program Files\Microsoft SQL Server\150\Tools\Binn\;"C:\Users\pc\AppData\Local\Microsoft\WindowsApps;C;C:\Program Files (x86)\Java\jdk1.8.0_221\jre\bin;C:\Program Files\Java\jdk1.8.0_181\bin";C:\Users\pc\AppData\Local\Programs\Microsoft VS Code\bin;C:\ProgramData\Microsoft\Windows\Start Menu\Programs\Node.js;C:\Users\pc\Documents\CodeBlocks\MinGW\bin;C:\Users\pc\AppData\Local\Programs\MiKTeX 2.9\miktex\bin\x64\;C:\Users\pc\AppData\Local\Microsoft\WindowsApps;C:\tools\msys64;C:\Users\pc\AppData\Roaming\local\bin;C:\Program Files\heroku\bin;C:\Program Files\php-8.1.1;C:\Users\pc\.dotnet\tools;C:\Program Files\heroku\bin;C:\cygwin64;C:\Program Files\Azure Data Studio\bin;C:\Program Files\PostgreSQL\16\bin;C:\Python310;C:\Program Files\nodejs\node_modules;C:\Python310\Scripts;
USERNAME=pc
OS=Windows_NT
PROCESSOR_IDENTIFIER=AMD64 Family 25 Model 80 Stepping 0, AuthenticAMD



---------------  S Y S T E M  ---------------

OS:
 Windows 10 , 64 bit Build 19041 (10.0.19041.3636)
OS uptime: 16 days 15:10 hours

CPU: total 12 (initial active 12) (12 cores per cpu, 2 threads per core) family 25 model 80 stepping 0 microcode 0x0, cx8, cmov, fxsr, ht, mmx, 3dnowpref, sse, sse2, sse3, ssse3, sse4a, sse4.1, sse4.2, popcnt, lzcnt, tsc, tscinvbit, avx, avx2, aes, erms, clmul, bmi1, bmi2, adx, sha, fma, vzeroupper, clflush, clflushopt

Memory: 4k page, system-wide physical 14127M (1644M free)
TotalPageFile size 16175M (AvailPageFile size 6M)
current process WorkingSet (physical memory assigned to process): 260M, peak: 288M
current process commit charge ("private bytes"): 304M, peak: 383M

vm_info: Java HotSpot(TM) 64-Bit Server VM (17.0.1+12-LTS-39) for windows-amd64 JRE (17.0.1+12-LTS-39), built on Sep 27 2021 18:41:35 by "mach5one" with MS VC++ 16.8 (VS2019)

END.
